<?xml version="1.0" encoding="UTF-8"?>
<!-- Generated by org.testng.reporters.JUnitReportReporter -->
<testsuite hostname="LAPTOP-PHJLGDJ4" failures="0" tests="1" name="allTestCases.AmazonLoginPageTestCases" time="49.245" errors="0" timestamp="2022-02-24T15:51:06 GMT" skipped="0">
  <testcase classname="allTestCases.AmazonLoginPageTestCases" name="loginValidation" time="49.245"/>
  <system-out/>
</testsuite> <!-- allTestCases.AmazonLoginPageTestCases -->
