<?xml version="1.0" encoding="UTF-8"?>
<!-- Generated by org.testng.reporters.JUnitReportReporter -->
<testsuite skipped="0" hostname="LAPTOP-PHJLGDJ4" name="allTestCases.AmazonBasketTestCases" tests="1" failures="0" timestamp="2022-02-27T01:18:41 GMT" time="39.181" errors="0">
  <testcase name="loginValidation" time="39.181" classname="allTestCases.AmazonBasketTestCases"/>
  <system-out/>
</testsuite> <!-- allTestCases.AmazonBasketTestCases -->
